This is pdfTeX, Version 3.14159265-2.6-1.40.19 (TeX Live 2018/W32TeX) (preloaded format=pdflatex 2019.7.1)  1 DEC 2019 13:26
entering extended mode
 restricted \write18 enabled.
 file:line:error style messages enabled.
 %&-line parsing enabled.
**d:/UIP/tables/primAcc.tex
(d:/UIP/tables/primAcc.tex
LaTeX2e <2018-04-01> patch level 2
Babel <3.18> and hyphenation patterns for 5 language(s) loaded.

! LaTeX Error: File `winnower.cls' not found.

Type X to quit or <RETURN> to proceed,
or enter new name. (Default extension: cls)

Enter file name: 
d:/UIP/tables/primAcc.tex:2: Emergency stop.
<read *> 
         
l.2 \usepackage
               [table,xcdraw]{xcolor}^^M
*** (cannot \read from terminal in nonstop modes)

 
Here is how much of TeX's memory you used:
 11 strings out of 494547
 249 string characters out of 6176902
 51616 words of memory out of 5000000
 3748 multiletter control sequences out of 15000+600000
 3640 words of font info for 14 fonts, out of 8000000 for 9000
 36 hyphenation exceptions out of 8191
 10i,0n,8p,79b,8s stack positions out of 5000i,500n,10000p,200000b,80000s
d:/UIP/tables/primAcc.tex:2:  ==> Fatal error occurred, no output PDF file produced!
